<?xml version="1.0" encoding="UTF-8"?>
<testng-results ignored="0" total="12" passed="12" failed="0" skipped="0">
  <reporter-output>
  </reporter-output>
  <suite started-at="2021-11-26T16:54:07 IST" name="Suite1" finished-at="2021-11-26T16:54:42 IST" duration-ms="35315">
    <groups>
    </groups>
    <test started-at="2021-11-26T16:54:07 IST" name="TestingOnChrome" finished-at="2021-11-26T16:54:41 IST" duration-ms="33837">
      <class name="Package_scroll.Scrollpage">
        <test-method is-config="true" signature="setup(java.lang.String)[pri:0, instance:Package_scroll.Scrollpage@5d0a1059]" started-at="2021-11-26T16:54:07 IST" name="setup" finished-at="2021-11-26T16:54:09 IST" duration-ms="2205" status="PASS">
          <params>
            <param index="0">
              <value>
                <![CDATA[chrome]]>
              </value>
            </param>
          </params>
          <reporter-output>
          </reporter-output>
        </test-method> <!-- setup -->
        <test-method signature="test1()[pri:0, instance:Package_scroll.Scrollpage@5d0a1059]" started-at="2021-11-26T16:54:09 IST" name="test1" finished-at="2021-11-26T16:54:19 IST" duration-ms="10225" status="PASS">
          <reporter-output>
          </reporter-output>
        </test-method> <!-- test1 -->
        <test-method signature="Scrolldown_bottom()[pri:0, instance:Package_scroll.Scrollpage@5d0a1059]" started-at="2021-11-26T16:54:19 IST" name="Scrolldown_bottom" finished-at="2021-11-26T16:54:24 IST" depends-on-methods="Package_scroll.Scrollpage.test1" duration-ms="5041" status="PASS">
          <reporter-output>
          </reporter-output>
        </test-method> <!-- Scrolldown_bottom -->
        <test-method signature="twitter()[pri:0, instance:Package_scroll.Scrollpage@5d0a1059]" started-at="2021-11-26T16:54:24 IST" name="twitter" finished-at="2021-11-26T16:54:31 IST" depends-on-methods="Package_scroll.Scrollpage.Scrolldown_bottom" duration-ms="6132" status="PASS">
          <reporter-output>
          </reporter-output>
        </test-method> <!-- twitter -->
        <test-method signature="facebook()[pri:0, instance:Package_scroll.Scrollpage@5d0a1059]" started-at="2021-11-26T16:54:31 IST" name="facebook" finished-at="2021-11-26T16:54:34 IST" depends-on-methods="Package_scroll.Scrollpage.twitter" duration-ms="3154" status="PASS">
          <reporter-output>
          </reporter-output>
        </test-method> <!-- facebook -->
        <test-method signature="github()[pri:0, instance:Package_scroll.Scrollpage@5d0a1059]" started-at="2021-11-26T16:54:34 IST" name="github" finished-at="2021-11-26T16:54:37 IST" depends-on-methods="Package_scroll.Scrollpage.facebook" duration-ms="3166" status="PASS">
          <reporter-output>
          </reporter-output>
        </test-method> <!-- github -->
        <test-method signature="paperplane()[pri:0, instance:Package_scroll.Scrollpage@5d0a1059]" started-at="2021-11-26T16:54:37 IST" name="paperplane" finished-at="2021-11-26T16:54:40 IST" depends-on-methods="Package_scroll.Scrollpage.github" duration-ms="3113" status="PASS">
          <reporter-output>
          </reporter-output>
        </test-method> <!-- paperplane -->
        <test-method is-config="true" signature="finish()[pri:0, instance:Package_scroll.Scrollpage@5d0a1059]" started-at="2021-11-26T16:54:40 IST" name="finish" finished-at="2021-11-26T16:54:41 IST" duration-ms="753" status="PASS">
          <reporter-output>
          </reporter-output>
        </test-method> <!-- finish -->
      </class> <!-- Package_scroll.Scrollpage -->
    </test> <!-- TestingOnChrome -->
    <test started-at="2021-11-26T16:54:07 IST" name="TestingOnFirefox" finished-at="2021-11-26T16:54:42 IST" duration-ms="35315">
      <class name="Package_scroll.Scrollpage">
        <test-method is-config="true" signature="setup(java.lang.String)[pri:0, instance:Package_scroll.Scrollpage@3527942a]" started-at="2021-11-26T16:54:07 IST" name="setup" finished-at="2021-11-26T16:54:12 IST" duration-ms="4636" status="PASS">
          <params>
            <param index="0">
              <value>
                <![CDATA[firefox]]>
              </value>
            </param>
          </params>
          <reporter-output>
          </reporter-output>
        </test-method> <!-- setup -->
        <test-method signature="test1()[pri:0, instance:Package_scroll.Scrollpage@3527942a]" started-at="2021-11-26T16:54:12 IST" name="test1" finished-at="2021-11-26T16:54:19 IST" duration-ms="7866" status="PASS">
          <reporter-output>
          </reporter-output>
        </test-method> <!-- test1 -->
        <test-method signature="Scrolldown_bottom()[pri:0, instance:Package_scroll.Scrollpage@3527942a]" started-at="2021-11-26T16:54:19 IST" name="Scrolldown_bottom" finished-at="2021-11-26T16:54:25 IST" depends-on-methods="Package_scroll.Scrollpage.test1" duration-ms="5044" status="PASS">
          <reporter-output>
          </reporter-output>
        </test-method> <!-- Scrolldown_bottom -->
        <test-method signature="twitter()[pri:0, instance:Package_scroll.Scrollpage@3527942a]" started-at="2021-11-26T16:54:25 IST" name="twitter" finished-at="2021-11-26T16:54:31 IST" depends-on-methods="Package_scroll.Scrollpage.Scrolldown_bottom" duration-ms="6120" status="PASS">
          <reporter-output>
          </reporter-output>
        </test-method> <!-- twitter -->
        <test-method signature="facebook()[pri:0, instance:Package_scroll.Scrollpage@3527942a]" started-at="2021-11-26T16:54:31 IST" name="facebook" finished-at="2021-11-26T16:54:34 IST" depends-on-methods="Package_scroll.Scrollpage.twitter" duration-ms="3383" status="PASS">
          <reporter-output>
          </reporter-output>
        </test-method> <!-- facebook -->
        <test-method signature="github()[pri:0, instance:Package_scroll.Scrollpage@3527942a]" started-at="2021-11-26T16:54:34 IST" name="github" finished-at="2021-11-26T16:54:38 IST" depends-on-methods="Package_scroll.Scrollpage.facebook" duration-ms="3594" status="PASS">
          <reporter-output>
          </reporter-output>
        </test-method> <!-- github -->
        <test-method signature="paperplane()[pri:0, instance:Package_scroll.Scrollpage@3527942a]" started-at="2021-11-26T16:54:38 IST" name="paperplane" finished-at="2021-11-26T16:54:41 IST" depends-on-methods="Package_scroll.Scrollpage.github" duration-ms="3503" status="PASS">
          <reporter-output>
          </reporter-output>
        </test-method> <!-- paperplane -->
        <test-method is-config="true" signature="finish()[pri:0, instance:Package_scroll.Scrollpage@3527942a]" started-at="2021-11-26T16:54:41 IST" name="finish" finished-at="2021-11-26T16:54:42 IST" duration-ms="1151" status="PASS">
          <reporter-output>
          </reporter-output>
        </test-method> <!-- finish -->
      </class> <!-- Package_scroll.Scrollpage -->
    </test> <!-- TestingOnFirefox -->
  </suite> <!-- Suite1 -->
</testng-results>
