<?xml version="1.0" encoding="UTF-8"?>
<!-- Generated by org.testng.reporters.JUnitXMLReporter -->
<testsuite ignored="0" hostname="IQZNGLLT015" failures="0" tests="7" name="TestingOnEdge" time="50.332" errors="0" timestamp="2022-01-31T10:54:27 IST">
  <testcase classname="Miniproj_multibrow.Miniproj_edge_FF" name="launchapp" time="2.051"/>
  <testcase classname="Miniproj_multibrow.Miniproj_edge_FF" name="enteruser" time="0.084"/>
  <testcase classname="Miniproj_multibrow.Miniproj_edge_FF" name="enterpswd" time="0.093"/>
  <testcase classname="Miniproj_multibrow.Miniproj_edge_FF" name="clicklogin" time="12.443"/>
  <testcase classname="Miniproj_multibrow.Miniproj_edge_FF" name="clickplusicon" time="4.558"/>
  <testcase classname="Miniproj_multibrow.Miniproj_edge_FF" name="editlead" time="12.336"/>
  <testcase classname="Miniproj_multibrow.Miniproj_edge_FF" name="convertlead" time="14.62"/>
</testsuite> <!-- TestingOnEdge -->
