<?xml version="1.0" encoding="UTF-8"?>
<!-- Generated by org.testng.reporters.JUnitXMLReporter -->
<testsuite ignored="0" hostname="IQZNGLLT015" failures="0" tests="7" name="TestingOnFirefox" time="45.976" errors="0" timestamp="2022-01-31T10:54:23 IST">
  <testcase classname="Miniproj_multibrow.Miniproj_edge_FF" name="launchapp" time="1.811"/>
  <testcase classname="Miniproj_multibrow.Miniproj_edge_FF" name="enteruser" time="0.075"/>
  <testcase classname="Miniproj_multibrow.Miniproj_edge_FF" name="enterpswd" time="0.067"/>
  <testcase classname="Miniproj_multibrow.Miniproj_edge_FF" name="clicklogin" time="12.145"/>
  <testcase classname="Miniproj_multibrow.Miniproj_edge_FF" name="clickplusicon" time="1.873"/>
  <testcase classname="Miniproj_multibrow.Miniproj_edge_FF" name="editlead" time="11.347"/>
  <testcase classname="Miniproj_multibrow.Miniproj_edge_FF" name="convertlead" time="13.742"/>
</testsuite> <!-- TestingOnFirefox -->
