<?xml version="1.0" encoding="UTF-8"?>
<!-- Generated by org.testng.reporters.JUnitXMLReporter -->
<testsuite ignored="0" hostname="IQZNGLLT015" failures="0" tests="6" name="TestingOnFirefox" time="35.315" errors="0" timestamp="2021-11-26T16:54:42 IST">
  <testcase classname="Package_scroll.Scrollpage" name="test1" time="7.866"/>
  <testcase classname="Package_scroll.Scrollpage" name="Scrolldown_bottom" time="5.044"/>
  <testcase classname="Package_scroll.Scrollpage" name="twitter" time="6.12"/>
  <testcase classname="Package_scroll.Scrollpage" name="facebook" time="3.383"/>
  <testcase classname="Package_scroll.Scrollpage" name="github" time="3.594"/>
  <testcase classname="Package_scroll.Scrollpage" name="paperplane" time="3.503"/>
</testsuite> <!-- TestingOnFirefox -->
