<?xml version="1.0" encoding="UTF-8"?>
<testng-results ignored="0" total="4" passed="4" failed="0" skipped="0">
  <reporter-output>
  </reporter-output>
  <suite started-at="2021-11-18T18:07:24 IST" name="MySuite" finished-at="2021-11-18T18:08:00 IST" duration-ms="36689">
    <groups>
    </groups>
    <test started-at="2021-11-18T18:07:24 IST" name="TestingOnChrome" finished-at="2021-11-18T18:07:52 IST" duration-ms="28784">
      <class name="Packagedemo.crossbrowser">
        <test-method is-config="true" signature="setup(java.lang.String)[pri:0, instance:Packagedemo.crossbrowser@b9b00e0]" started-at="2021-11-18T18:07:24 IST" name="setup" finished-at="2021-11-18T18:07:26 IST" duration-ms="2757" status="PASS">
          <params>
            <param index="0">
              <value>
                <![CDATA[Chrome]]>
              </value>
            </param>
          </params>
          <reporter-output>
          </reporter-output>
        </test-method> <!-- setup -->
        <test-method signature="test1()[pri:0, instance:Packagedemo.crossbrowser@b9b00e0]" started-at="2021-11-18T18:07:26 IST" name="test1" finished-at="2021-11-18T18:07:39 IST" duration-ms="12526" status="PASS">
          <reporter-output>
          </reporter-output>
        </test-method> <!-- test1 -->
        <test-method signature="test2()[pri:0, instance:Packagedemo.crossbrowser@b9b00e0]" started-at="2021-11-18T18:07:39 IST" name="test2" finished-at="2021-11-18T18:07:52 IST" duration-ms="12652" status="PASS">
          <reporter-output>
          </reporter-output>
        </test-method> <!-- test2 -->
        <test-method is-config="true" signature="finish()[pri:0, instance:Packagedemo.crossbrowser@b9b00e0]" started-at="2021-11-18T18:07:52 IST" name="finish" finished-at="2021-11-18T18:07:52 IST" duration-ms="807" status="PASS">
          <reporter-output>
          </reporter-output>
        </test-method> <!-- finish -->
      </class> <!-- Packagedemo.crossbrowser -->
    </test> <!-- TestingOnChrome -->
    <test started-at="2021-11-18T18:07:24 IST" name="TestingOnEdge" finished-at="2021-11-18T18:08:00 IST" duration-ms="36689">
      <class name="Packagedemo.crossbrowser">
        <test-method is-config="true" signature="setup(java.lang.String)[pri:0, instance:Packagedemo.crossbrowser@1b2abca6]" started-at="2021-11-18T18:07:24 IST" name="setup" finished-at="2021-11-18T18:07:27 IST" duration-ms="3160" status="PASS">
          <params>
            <param index="0">
              <value>
                <![CDATA[Edge]]>
              </value>
            </param>
          </params>
          <reporter-output>
          </reporter-output>
        </test-method> <!-- setup -->
        <test-method signature="test1()[pri:0, instance:Packagedemo.crossbrowser@1b2abca6]" started-at="2021-11-18T18:07:27 IST" name="test1" finished-at="2021-11-18T18:07:40 IST" duration-ms="13572" status="PASS">
          <reporter-output>
          </reporter-output>
        </test-method> <!-- test1 -->
        <test-method signature="test2()[pri:0, instance:Packagedemo.crossbrowser@1b2abca6]" started-at="2021-11-18T18:07:40 IST" name="test2" finished-at="2021-11-18T18:07:59 IST" duration-ms="18820" status="PASS">
          <reporter-output>
          </reporter-output>
        </test-method> <!-- test2 -->
        <test-method is-config="true" signature="finish()[pri:0, instance:Packagedemo.crossbrowser@1b2abca6]" started-at="2021-11-18T18:07:59 IST" name="finish" finished-at="2021-11-18T18:08:00 IST" duration-ms="1127" status="PASS">
          <reporter-output>
          </reporter-output>
        </test-method> <!-- finish -->
      </class> <!-- Packagedemo.crossbrowser -->
    </test> <!-- TestingOnEdge -->
  </suite> <!-- MySuite -->
</testng-results>
