<?xml version="1.0" encoding="UTF-8"?>
<!-- Generated by org.testng.reporters.JUnitXMLReporter -->
<testsuite ignored="0" hostname="IQZNGLLT015" failures="0" tests="3" name="Default test" time="7.622" errors="0" timestamp="2021-12-22T12:13:36 IST">
  <testcase classname="rahulshetty_assignment_1.Selenium_assignment1" name="Add_Products" time="0.923"/>
  <testcase classname="rahulshetty_assignment_1.Selenium_assignment1" name="Product_Name" time="0.331"/>
  <testcase classname="rahulshetty_assignment_1.Selenium_assignment1" name="Product_Price" time="1.182"/>
</testsuite> <!-- Default test -->
