<?xml version="1.0" encoding="UTF-8"?>
<!-- Generated by org.testng.reporters.JUnitXMLReporter -->
<testsuite ignored="0" hostname="IQZNGLLT015" failures="0" tests="2" name="Default test" time="13.898" errors="0" timestamp="2021-12-22T15:22:39 IST">
  <testcase classname="rahulshetty_assignment_2.Selenium_assignment2" name="Add_to_cart" time="8.325"/>
  <testcase classname="rahulshetty_assignment_2.Selenium_assignment2" name="Validatebuttonname" time="0.314"/>
</testsuite> <!-- Default test -->
