<?xml version="1.0" encoding="UTF-8"?>
<testng-results ignored="0" total="3" passed="3" failed="0" skipped="0">
  <reporter-output>
  </reporter-output>
  <suite started-at="2021-12-22T12:13:28 IST" name="Default suite" finished-at="2021-12-22T12:13:36 IST" duration-ms="7622">
    <groups>
    </groups>
    <test started-at="2021-12-22T12:13:28 IST" name="Default test" finished-at="2021-12-22T12:13:36 IST" duration-ms="7622">
      <class name="rahulshetty_assignment_1.Selenium_assignment1">
        <test-method is-config="true" signature="LaunchURL()[pri:0, instance:rahulshetty_assignment_1.Selenium_assignment1@1de76cc7]" started-at="2021-12-22T12:13:28 IST" name="LaunchURL" finished-at="2021-12-22T12:13:33 IST" duration-ms="4428" status="PASS">
          <reporter-output>
          </reporter-output>
        </test-method> <!-- LaunchURL -->
        <test-method signature="Add_Products()[pri:0, instance:rahulshetty_assignment_1.Selenium_assignment1@1de76cc7]" started-at="2021-12-22T12:13:33 IST" name="Add_Products" finished-at="2021-12-22T12:13:34 IST" duration-ms="923" status="PASS">
          <reporter-output>
          </reporter-output>
        </test-method> <!-- Add_Products -->
        <test-method signature="Product_Name()[pri:0, instance:rahulshetty_assignment_1.Selenium_assignment1@1de76cc7]" started-at="2021-12-22T12:13:34 IST" name="Product_Name" finished-at="2021-12-22T12:13:34 IST" depends-on-methods="rahulshetty_assignment_1.Selenium_assignment1.Add_Products" duration-ms="331" status="PASS">
          <reporter-output>
          </reporter-output>
        </test-method> <!-- Product_Name -->
        <test-method signature="Product_Price()[pri:0, instance:rahulshetty_assignment_1.Selenium_assignment1@1de76cc7]" started-at="2021-12-22T12:13:34 IST" name="Product_Price" finished-at="2021-12-22T12:13:35 IST" depends-on-methods="rahulshetty_assignment_1.Selenium_assignment1.Product_Name" duration-ms="1182" status="PASS">
          <reporter-output>
          </reporter-output>
        </test-method> <!-- Product_Price -->
        <test-method is-config="true" signature="finish()[pri:0, instance:rahulshetty_assignment_1.Selenium_assignment1@1de76cc7]" started-at="2021-12-22T12:13:35 IST" name="finish" finished-at="2021-12-22T12:13:36 IST" duration-ms="712" status="PASS">
          <reporter-output>
          </reporter-output>
        </test-method> <!-- finish -->
      </class> <!-- rahulshetty_assignment_1.Selenium_assignment1 -->
    </test> <!-- Default test -->
  </suite> <!-- Default suite -->
</testng-results>
