<?xml version="1.0" encoding="UTF-8"?>
<!-- Generated by org.testng.reporters.JUnitXMLReporter -->
<testsuite ignored="0" hostname="IQZNGLLT015" failures="0" tests="7" name="Default test" time="47.203" errors="0" timestamp="2022-01-31T09:57:28 IST">
  <testcase classname="Miniproj_1.Selenium_miniproject" name="launchapp" time="2.241"/>
  <testcase classname="Miniproj_1.Selenium_miniproject" name="enteruser" time="0.145"/>
  <testcase classname="Miniproj_1.Selenium_miniproject" name="enterpswd" time="0.176"/>
  <testcase classname="Miniproj_1.Selenium_miniproject" name="clicklogin" time="14.346"/>
  <testcase classname="Miniproj_1.Selenium_miniproject" name="clickplusicon" time="3.22"/>
  <testcase classname="Miniproj_1.Selenium_miniproject" name="editlead" time="7.533"/>
  <testcase classname="Miniproj_1.Selenium_miniproject" name="convertlead" time="16.797"/>
</testsuite> <!-- Default test -->
