<?xml version="1.0" encoding="UTF-8"?>
<testng-results ignored="0" total="2" passed="2" failed="0" skipped="0">
  <reporter-output>
  </reporter-output>
  <suite started-at="2021-12-22T15:22:25 IST" name="Default suite" finished-at="2021-12-22T15:22:39 IST" duration-ms="13898">
    <groups>
    </groups>
    <test started-at="2021-12-22T15:22:25 IST" name="Default test" finished-at="2021-12-22T15:22:39 IST" duration-ms="13898">
      <class name="rahulshetty_assignment_2.Selenium_assignment2">
        <test-method is-config="true" signature="LaunchURL()[pri:0, instance:rahulshetty_assignment_2.Selenium_assignment2@485966cc]" started-at="2021-12-22T15:22:25 IST" name="LaunchURL" finished-at="2021-12-22T15:22:29 IST" duration-ms="4542" status="PASS">
          <reporter-output>
          </reporter-output>
        </test-method> <!-- LaunchURL -->
        <test-method signature="Add_to_cart()[pri:0, instance:rahulshetty_assignment_2.Selenium_assignment2@485966cc]" started-at="2021-12-22T15:22:29 IST" name="Add_to_cart" finished-at="2021-12-22T15:22:38 IST" duration-ms="8325" status="PASS">
          <reporter-output>
          </reporter-output>
        </test-method> <!-- Add_to_cart -->
        <test-method signature="Validatebuttonname()[pri:0, instance:rahulshetty_assignment_2.Selenium_assignment2@485966cc]" started-at="2021-12-22T15:22:38 IST" name="Validatebuttonname" finished-at="2021-12-22T15:22:38 IST" depends-on-methods="rahulshetty_assignment_2.Selenium_assignment2.Add_to_cart" duration-ms="314" status="PASS">
          <reporter-output>
          </reporter-output>
        </test-method> <!-- Validatebuttonname -->
        <test-method is-config="true" signature="finish()[pri:0, instance:rahulshetty_assignment_2.Selenium_assignment2@485966cc]" started-at="2021-12-22T15:22:38 IST" name="finish" finished-at="2021-12-22T15:22:39 IST" duration-ms="676" status="PASS">
          <reporter-output>
          </reporter-output>
        </test-method> <!-- finish -->
      </class> <!-- rahulshetty_assignment_2.Selenium_assignment2 -->
    </test> <!-- Default test -->
  </suite> <!-- Default suite -->
</testng-results>
