<?xml version="1.0" encoding="UTF-8"?>
<!-- Generated by org.testng.reporters.JUnitXMLReporter -->
<testsuite ignored="0" hostname="IQZNGLLT015" failures="0" tests="6" name="TestingOnChrome" time="33.837" errors="0" timestamp="2021-11-26T16:54:41 IST">
  <testcase classname="Package_scroll.Scrollpage" name="test1" time="10.225"/>
  <testcase classname="Package_scroll.Scrollpage" name="Scrolldown_bottom" time="5.041"/>
  <testcase classname="Package_scroll.Scrollpage" name="twitter" time="6.132"/>
  <testcase classname="Package_scroll.Scrollpage" name="facebook" time="3.154"/>
  <testcase classname="Package_scroll.Scrollpage" name="github" time="3.166"/>
  <testcase classname="Package_scroll.Scrollpage" name="paperplane" time="3.113"/>
</testsuite> <!-- TestingOnChrome -->
