<?xml version="1.0" encoding="UTF-8"?>
<testng-results ignored="0" total="14" passed="14" failed="0" skipped="0">
  <reporter-output>
  </reporter-output>
  <suite started-at="2022-01-31T10:53:37 IST" name="Suite1" finished-at="2022-01-31T10:54:27 IST" duration-ms="50332">
    <groups>
    </groups>
    <test started-at="2022-01-31T10:53:37 IST" name="TestingOnFirefox" finished-at="2022-01-31T10:54:23 IST" duration-ms="45976">
      <class name="Miniproj_multibrow.Miniproj_edge_FF">
        <test-method is-config="true" signature="setup(java.lang.String)[pri:0, instance:Miniproj_multibrow.Miniproj_edge_FF@5d0a1059]" started-at="2022-01-31T10:53:37 IST" name="setup" finished-at="2022-01-31T10:53:41 IST" duration-ms="4142" status="PASS">
          <params>
            <param index="0">
              <value>
                <![CDATA[firefox]]>
              </value>
            </param>
          </params>
          <reporter-output>
          </reporter-output>
        </test-method> <!-- setup -->
        <test-method signature="launchapp()[pri:0, instance:Miniproj_multibrow.Miniproj_edge_FF@5d0a1059]" started-at="2022-01-31T10:53:41 IST" name="launchapp" finished-at="2022-01-31T10:53:43 IST" duration-ms="1811" status="PASS">
          <reporter-output>
          </reporter-output>
        </test-method> <!-- launchapp -->
        <test-method signature="enteruser()[pri:0, instance:Miniproj_multibrow.Miniproj_edge_FF@5d0a1059]" started-at="2022-01-31T10:53:43 IST" name="enteruser" finished-at="2022-01-31T10:53:43 IST" depends-on-methods="Miniproj_multibrow.Miniproj_edge_FF.launchapp" duration-ms="75" status="PASS">
          <reporter-output>
          </reporter-output>
        </test-method> <!-- enteruser -->
        <test-method signature="enterpswd()[pri:0, instance:Miniproj_multibrow.Miniproj_edge_FF@5d0a1059]" started-at="2022-01-31T10:53:43 IST" name="enterpswd" finished-at="2022-01-31T10:53:43 IST" depends-on-methods="Miniproj_multibrow.Miniproj_edge_FF.enteruser" duration-ms="67" status="PASS">
          <reporter-output>
          </reporter-output>
        </test-method> <!-- enterpswd -->
        <test-method signature="clicklogin()[pri:0, instance:Miniproj_multibrow.Miniproj_edge_FF@5d0a1059]" started-at="2022-01-31T10:53:43 IST" name="clicklogin" finished-at="2022-01-31T10:53:55 IST" depends-on-methods="Miniproj_multibrow.Miniproj_edge_FF.enterpswd" duration-ms="12145" status="PASS">
          <reporter-output>
          </reporter-output>
        </test-method> <!-- clicklogin -->
        <test-method signature="clickplusicon()[pri:0, instance:Miniproj_multibrow.Miniproj_edge_FF@5d0a1059]" started-at="2022-01-31T10:53:55 IST" name="clickplusicon" finished-at="2022-01-31T10:53:57 IST" depends-on-methods="Miniproj_multibrow.Miniproj_edge_FF.clicklogin" duration-ms="1873" status="PASS">
          <reporter-output>
          </reporter-output>
        </test-method> <!-- clickplusicon -->
        <test-method signature="editlead()[pri:0, instance:Miniproj_multibrow.Miniproj_edge_FF@5d0a1059]" started-at="2022-01-31T10:53:57 IST" name="editlead" finished-at="2022-01-31T10:54:08 IST" depends-on-methods="Miniproj_multibrow.Miniproj_edge_FF.clickplusicon" duration-ms="11347" status="PASS">
          <reporter-output>
          </reporter-output>
        </test-method> <!-- editlead -->
        <test-method signature="convertlead()[pri:0, instance:Miniproj_multibrow.Miniproj_edge_FF@5d0a1059]" started-at="2022-01-31T10:54:08 IST" name="convertlead" finished-at="2022-01-31T10:54:22 IST" depends-on-methods="Miniproj_multibrow.Miniproj_edge_FF.editlead" duration-ms="13742" status="PASS">
          <reporter-output>
          </reporter-output>
        </test-method> <!-- convertlead -->
        <test-method is-config="true" signature="finish()[pri:0, instance:Miniproj_multibrow.Miniproj_edge_FF@5d0a1059]" started-at="2022-01-31T10:54:22 IST" name="finish" finished-at="2022-01-31T10:54:23 IST" duration-ms="755" status="PASS">
          <reporter-output>
          </reporter-output>
        </test-method> <!-- finish -->
      </class> <!-- Miniproj_multibrow.Miniproj_edge_FF -->
    </test> <!-- TestingOnFirefox -->
    <test started-at="2022-01-31T10:53:37 IST" name="TestingOnEdge" finished-at="2022-01-31T10:54:27 IST" duration-ms="50332">
      <class name="Miniproj_multibrow.Miniproj_edge_FF">
        <test-method is-config="true" signature="setup(java.lang.String)[pri:0, instance:Miniproj_multibrow.Miniproj_edge_FF@3f6f6701]" started-at="2022-01-31T10:53:37 IST" name="setup" finished-at="2022-01-31T10:53:40 IST" duration-ms="3310" status="PASS">
          <params>
            <param index="0">
              <value>
                <![CDATA[edge]]>
              </value>
            </param>
          </params>
          <reporter-output>
          </reporter-output>
        </test-method> <!-- setup -->
        <test-method signature="launchapp()[pri:0, instance:Miniproj_multibrow.Miniproj_edge_FF@3f6f6701]" started-at="2022-01-31T10:53:40 IST" name="launchapp" finished-at="2022-01-31T10:53:42 IST" duration-ms="2051" status="PASS">
          <reporter-output>
          </reporter-output>
        </test-method> <!-- launchapp -->
        <test-method signature="enteruser()[pri:0, instance:Miniproj_multibrow.Miniproj_edge_FF@3f6f6701]" started-at="2022-01-31T10:53:42 IST" name="enteruser" finished-at="2022-01-31T10:53:42 IST" depends-on-methods="Miniproj_multibrow.Miniproj_edge_FF.launchapp" duration-ms="84" status="PASS">
          <reporter-output>
          </reporter-output>
        </test-method> <!-- enteruser -->
        <test-method signature="enterpswd()[pri:0, instance:Miniproj_multibrow.Miniproj_edge_FF@3f6f6701]" started-at="2022-01-31T10:53:42 IST" name="enterpswd" finished-at="2022-01-31T10:53:42 IST" depends-on-methods="Miniproj_multibrow.Miniproj_edge_FF.enteruser" duration-ms="93" status="PASS">
          <reporter-output>
          </reporter-output>
        </test-method> <!-- enterpswd -->
        <test-method signature="clicklogin()[pri:0, instance:Miniproj_multibrow.Miniproj_edge_FF@3f6f6701]" started-at="2022-01-31T10:53:42 IST" name="clicklogin" finished-at="2022-01-31T10:53:55 IST" depends-on-methods="Miniproj_multibrow.Miniproj_edge_FF.enterpswd" duration-ms="12443" status="PASS">
          <reporter-output>
          </reporter-output>
        </test-method> <!-- clicklogin -->
        <test-method signature="clickplusicon()[pri:0, instance:Miniproj_multibrow.Miniproj_edge_FF@3f6f6701]" started-at="2022-01-31T10:53:55 IST" name="clickplusicon" finished-at="2022-01-31T10:53:59 IST" depends-on-methods="Miniproj_multibrow.Miniproj_edge_FF.clicklogin" duration-ms="4558" status="PASS">
          <reporter-output>
          </reporter-output>
        </test-method> <!-- clickplusicon -->
        <test-method signature="editlead()[pri:0, instance:Miniproj_multibrow.Miniproj_edge_FF@3f6f6701]" started-at="2022-01-31T10:53:59 IST" name="editlead" finished-at="2022-01-31T10:54:12 IST" depends-on-methods="Miniproj_multibrow.Miniproj_edge_FF.clickplusicon" duration-ms="12336" status="PASS">
          <reporter-output>
          </reporter-output>
        </test-method> <!-- editlead -->
        <test-method signature="convertlead()[pri:0, instance:Miniproj_multibrow.Miniproj_edge_FF@3f6f6701]" started-at="2022-01-31T10:54:12 IST" name="convertlead" finished-at="2022-01-31T10:54:26 IST" depends-on-methods="Miniproj_multibrow.Miniproj_edge_FF.editlead" duration-ms="14620" status="PASS">
          <reporter-output>
          </reporter-output>
        </test-method> <!-- convertlead -->
        <test-method is-config="true" signature="finish()[pri:0, instance:Miniproj_multibrow.Miniproj_edge_FF@3f6f6701]" started-at="2022-01-31T10:54:26 IST" name="finish" finished-at="2022-01-31T10:54:27 IST" duration-ms="794" status="PASS">
          <reporter-output>
          </reporter-output>
        </test-method> <!-- finish -->
      </class> <!-- Miniproj_multibrow.Miniproj_edge_FF -->
    </test> <!-- TestingOnEdge -->
  </suite> <!-- Suite1 -->
</testng-results>
